<?xml version="1.0" encoding="UTF-8"?>
<testsuite name="Scenario: Purchase Beverage which doesn't exist" tests="5" skipped="0" failures="2" errors="0" timestamp="2022-02-12T06:52:18" hostname="DESKTOP-5B35QQB" time="0.006">
  <properties/>
  <testcase name="Given an empty recipe book" classname="Scenario: Purchase Beverage which doesn't exist" time="0.0"/>
  <testcase name="When purchase coffee 0" classname="Scenario: Purchase Beverage which doesn't exist" time="0.0"/>
  <testcase name="Then the coffee maker should return to the WAITING mode" classname="Scenario: Purchase Beverage which doesn't exist" time="0.0"/>
  <testcase name="And the status should be OUT_OF_RANGE" classname="Scenario: Purchase Beverage which doesn't exist" time="0.002">
    <failure message="org.junit.ComparisonFailure: expected:&lt;[OUT_OF_RANGE]&gt; but was:&lt;[INSUFFICIENT_FUNDS]&gt;" type="org.junit.ComparisonFailure">org.junit.ComparisonFailure: expected:&lt;[OUT_OF_RANGE]&gt; but was:&lt;[INSUFFICIENT_FUNDS]&gt;
	at org.junit.Assert.assertEquals(Assert.java:115)
	at org.junit.Assert.assertEquals(Assert.java:144)
	at edu.ncsu.csc326.coffeemaker.TestSteps.the_status_should_be_OK(TestSteps.java:393)
	at ✽.And the status should be OUT_OF_RANGE(edu/ncsu/csc326/coffeemaker/CoffeeMaker.feature:252)
</failure>
  </testcase>
  <testcase name="classMethod" classname="Scenario: Purchase Beverage which doesn't exist" time="0.006">
    <failure message="org.junit.ComparisonFailure: expected:&lt;[OUT_OF_RANGE]&gt; but was:&lt;[INSUFFICIENT_FUNDS]&gt;" type="org.junit.ComparisonFailure">org.junit.ComparisonFailure: expected:&lt;[OUT_OF_RANGE]&gt; but was:&lt;[INSUFFICIENT_FUNDS]&gt;
	at org.junit.Assert.assertEquals(Assert.java:115)
	at org.junit.Assert.assertEquals(Assert.java:144)
	at edu.ncsu.csc326.coffeemaker.TestSteps.the_status_should_be_OK(TestSteps.java:393)
	at ✽.And the status should be OUT_OF_RANGE(edu/ncsu/csc326/coffeemaker/CoffeeMaker.feature:252)
</failure>
  </testcase>
  <system-out><![CDATA[]]></system-out>
  <system-err><![CDATA[]]></system-err>
</testsuite>
